/Applications/CLion.app/Contents/bin/cmake/mac/aarch64/bin/cmake -DCMAKE_BUILD_TYPE=Debug -DCMAKE_MAKE_PROGRAM=/Applications/CLion.app/Contents/bin/ninja/mac/aarch64/ninja -G Ninja -S "/Users/baegeon-u/CLionProjects/BaekJun/[Solved] Class 3/7_1003_피보나치함수_실3" -B "/Users/baegeon-u/CLionProjects/BaekJun/[Solved] Class 3/7_1003_피보나치함수_실3/cmake-build-debug"
-- The C compiler identification is unknown
-- The CXX compiler identification is unknown
-- Detecting C compiler ABI info
-- Detecting C compiler ABI info - failed
-- Check for working C compiler: /Applications/Xcode.app/Contents/Developer/Toolchains/XcodeDefault.xctoolchain/usr/bin/cc
-- Check for working C compiler: /Applications/Xcode.app/Contents/Developer/Toolchains/XcodeDefault.xctoolchain/usr/bin/cc - broken
CMake Error at /Applications/CLion.app/Contents/bin/cmake/mac/aarch64/share/cmake-3.28/Modules/CMakeTestCCompiler.cmake:67 (message):
  The C compiler

    "/Applications/Xcode.app/Contents/Developer/Toolchains/XcodeDefault.xctoolchain/usr/bin/cc"

  is not able to compile a simple test program.

  It fails with the following output:

    Change Dir: '/Users/baegeon-u/CLionProjects/BaekJun/[Solved] Class 3/7_1003_피보나치함수_실3/cmake-build-debug/CMakeFiles/CMakeScratch/TryCompile-X1TTqg'
    
    Run Build Command(s): /Applications/CLion.app/Contents/bin/ninja/mac/aarch64/ninja -v cmTC_f1f79
    [1/2] /Applications/Xcode.app/Contents/Developer/Toolchains/XcodeDefault.xctoolchain/usr/bin/cc   -arch arm64 -o CMakeFiles/cmTC_f1f79.dir/testCCompiler.c.o -c '/Users/baegeon-u/CLionProjects/BaekJun/[Solved] Class 3/7_1003_피보나치함수_실3/cmake-build-debug/CMakeFiles/CMakeScratch/TryCompile-X1TTqg/testCCompiler.c'
    [2/2] : && /Applications/Xcode.app/Contents/Developer/Toolchains/XcodeDefault.xctoolchain/usr/bin/cc -arch arm64 -Wl,-search_paths_first -Wl,-headerpad_max_install_names  CMakeFiles/cmTC_f1f79.dir/testCCompiler.c.o -o cmTC_f1f79   && :
    FAILED: cmTC_f1f79 
    : && /Applications/Xcode.app/Contents/Developer/Toolchains/XcodeDefault.xctoolchain/usr/bin/cc -arch arm64 -Wl,-search_paths_first -Wl,-headerpad_max_install_names  CMakeFiles/cmTC_f1f79.dir/testCCompiler.c.o -o cmTC_f1f79   && :
    ld: library 'System' not found
    clang: error: linker command failed with exit code 1 (use -v to see invocation)
    ninja: build stopped: subcommand failed.
    
    

  

  CMake will not be able to correctly generate this project.
Call Stack (most recent call first):
  CMakeLists.txt:2 (project)


-- Configuring incomplete, errors occurred!
